<?xml version="1.0" encoding="UTF-8"?>
<!-- Generated by org.testng.reporters.JUnitReportReporter -->
<testsuite hostname="DESKTOP-VGL160M" failures="0" tests="1" name="com.actitime.testscipt.CustomerModule" time="0.015" errors="0" timestamp="2024-09-01T10:58:41 IST" skipped="0">
  <testcase classname="com.actitime.testscipt.CustomerModule" name="creatCustomer" time="0.015"/>
  <system-out>
    <![CDATA[createCustomer]]>
  </system-out>
</testsuite> <!-- com.actitime.testscipt.CustomerModule -->
